<?xml version="1.0" encoding="UTF-8"?>
<!-- Generated by org.testng.reporters.JUnitXMLReporter -->
<testsuite hostname="TEKCLAN-LAP-071" ignored="2" name="Command line test" tests="1" failures="0" timestamp="28 Dec 2020 03:14:16 GMT" time="65.946" errors="0">
  <testcase name="GrootanSiteTest" time="65.92" classname="Test.GrootanTest"/>
  <testcase name="@BeforeSuite beforeSuite" time="0.0" classname="Base.BaseTest">
    <ignored/>
  </testcase> <!-- @BeforeSuite beforeSuite -->
  <testcase name="@AfterSuite afterSuite" time="0.0" classname="Base.BaseTest">
    <ignored/>
  </testcase> <!-- @AfterSuite afterSuite -->
</testsuite> <!-- Command line test -->
